c:\users\joshu\documents\shapecontroller\particlecontroller\particlecontroller\x64\debug\vc143.pdb
c:\users\joshu\documents\shapecontroller\particlecontroller\particlecontroller\x64\debug\vc143.idb
c:\users\joshu\documents\shapecontroller\particlecontroller\particlecontroller\x64\debug\shapes.obj
c:\users\joshu\documents\shapecontroller\particlecontroller\particlecontroller\x64\debug\helper.obj
c:\users\joshu\documents\shapecontroller\particlecontroller\particlecontroller\x64\debug\particlecontroller.obj
c:\users\joshu\documents\shapecontroller\particlecontroller\particlecontroller\x64\debug\camera.obj
c:\users\joshu\documents\shapecontroller\particlecontroller\particlecontroller\x64\debug\particlecontrollerbem.obj
c:\users\joshu\documents\shapecontroller\particlecontroller\particlecontroller\x64\debug\multiparticleexample.obj
c:\users\joshu\documents\shapecontroller\particlecontroller\x64\debug\particlecontroller.lib
c:\users\joshu\documents\shapecontroller\particlecontroller\x64\debug\particlecontroller.exp
c:\users\joshu\documents\shapecontroller\particlecontroller\x64\debug\particlecontroller.exe
c:\users\joshu\documents\shapecontroller\particlecontroller\particlecontroller\x64\debug\particlecontroller.ilk
c:\users\joshu\documents\shapecontroller\particlecontroller\x64\debug\particlecontroller.pdb
c:\users\joshu\documents\shapecontroller\particlecontroller\x64\debug\pthreadvc3d.dll
c:\users\joshu\documents\shapecontroller\particlecontroller\x64\debug\opencv_videoio4d.dll
c:\users\joshu\documents\shapecontroller\particlecontroller\x64\debug\opencv_imgcodecs4d.dll
c:\users\joshu\documents\shapecontroller\particlecontroller\x64\debug\opencv_imgproc4d.dll
c:\users\joshu\documents\shapecontroller\particlecontroller\x64\debug\opencv_core4d.dll
c:\users\joshu\documents\shapecontroller\particlecontroller\x64\debug\zlibd1.dll
c:\users\joshu\documents\shapecontroller\particlecontroller\x64\debug\jpeg62.dll
c:\users\joshu\documents\shapecontroller\particlecontroller\x64\debug\libwebpdecoder.dll
c:\users\joshu\documents\shapecontroller\particlecontroller\x64\debug\libwebp.dll
c:\users\joshu\documents\shapecontroller\particlecontroller\x64\debug\libsharpyuv.dll
c:\users\joshu\documents\shapecontroller\particlecontroller\x64\debug\libpng16d.dll
c:\users\joshu\documents\shapecontroller\particlecontroller\x64\debug\tiffd.dll
c:\users\joshu\documents\shapecontroller\particlecontroller\x64\debug\liblzma.dll
c:\users\joshu\documents\shapecontroller\particlecontroller\particlecontroller\x64\debug\circles.obj
c:\users\joshu\documents\shapecontroller\particlecontroller\particlecontroller\x64\debug\example.obj
c:\users\joshu\documents\shapecontroller\particlecontroller\particlecontroller\x64\debug\grabbeads.obj
c:\users\joshu\documents\shapecontroller\particlecontroller\particlecontroller\x64\debug\circles.obj.enc
c:\users\joshu\documents\shapecontroller\particlecontroller\particlecontroller\x64\debug\example.obj.enc
c:\users\joshu\documents\shapecontroller\particlecontroller\particlecontroller\x64\debug\particlecontroller.obj.enc
c:\users\joshu\documents\shapecontroller\particlecontroller\particlecontroller\x64\debug\particle.0b3f5b7d.tlog\cl.command.1.tlog
c:\users\joshu\documents\shapecontroller\particlecontroller\particlecontroller\x64\debug\particle.0b3f5b7d.tlog\cl.items.tlog
c:\users\joshu\documents\shapecontroller\particlecontroller\particlecontroller\x64\debug\particle.0b3f5b7d.tlog\cl.read.1.tlog
c:\users\joshu\documents\shapecontroller\particlecontroller\particlecontroller\x64\debug\particle.0b3f5b7d.tlog\cl.write.1.tlog
c:\users\joshu\documents\shapecontroller\particlecontroller\particlecontroller\x64\debug\particle.0b3f5b7d.tlog\link-cvtres.read.1.tlog
c:\users\joshu\documents\shapecontroller\particlecontroller\particlecontroller\x64\debug\particle.0b3f5b7d.tlog\link-cvtres.write.1.tlog
c:\users\joshu\documents\shapecontroller\particlecontroller\particlecontroller\x64\debug\particle.0b3f5b7d.tlog\link-rc.read.1.tlog
c:\users\joshu\documents\shapecontroller\particlecontroller\particlecontroller\x64\debug\particle.0b3f5b7d.tlog\link-rc.write.1.tlog
c:\users\joshu\documents\shapecontroller\particlecontroller\particlecontroller\x64\debug\particle.0b3f5b7d.tlog\link.25500-cvtres.read.1.tlog
c:\users\joshu\documents\shapecontroller\particlecontroller\particlecontroller\x64\debug\particle.0b3f5b7d.tlog\link.25500-cvtres.write.1.tlog
c:\users\joshu\documents\shapecontroller\particlecontroller\particlecontroller\x64\debug\particle.0b3f5b7d.tlog\link.25500-rc.read.1.tlog
c:\users\joshu\documents\shapecontroller\particlecontroller\particlecontroller\x64\debug\particle.0b3f5b7d.tlog\link.25500-rc.write.1.tlog
c:\users\joshu\documents\shapecontroller\particlecontroller\particlecontroller\x64\debug\particle.0b3f5b7d.tlog\link.25500.read.1.tlog
c:\users\joshu\documents\shapecontroller\particlecontroller\particlecontroller\x64\debug\particle.0b3f5b7d.tlog\link.25500.read.2.tlog
c:\users\joshu\documents\shapecontroller\particlecontroller\particlecontroller\x64\debug\particle.0b3f5b7d.tlog\link.25500.read.3.tlog
c:\users\joshu\documents\shapecontroller\particlecontroller\particlecontroller\x64\debug\particle.0b3f5b7d.tlog\link.25500.read.4.tlog
c:\users\joshu\documents\shapecontroller\particlecontroller\particlecontroller\x64\debug\particle.0b3f5b7d.tlog\link.25500.write.1.tlog
c:\users\joshu\documents\shapecontroller\particlecontroller\particlecontroller\x64\debug\particle.0b3f5b7d.tlog\link.command.1.tlog
c:\users\joshu\documents\shapecontroller\particlecontroller\particlecontroller\x64\debug\particle.0b3f5b7d.tlog\link.read.1.tlog
c:\users\joshu\documents\shapecontroller\particlecontroller\particlecontroller\x64\debug\particle.0b3f5b7d.tlog\link.read.2.tlog
c:\users\joshu\documents\shapecontroller\particlecontroller\particlecontroller\x64\debug\particle.0b3f5b7d.tlog\link.read.3.tlog
c:\users\joshu\documents\shapecontroller\particlecontroller\particlecontroller\x64\debug\particle.0b3f5b7d.tlog\link.read.4.tlog
c:\users\joshu\documents\shapecontroller\particlecontroller\particlecontroller\x64\debug\particle.0b3f5b7d.tlog\link.write.1.tlog
c:\users\joshu\documents\shapecontroller\particlecontroller\particlecontroller\x64\debug\particle.0b3f5b7d.tlog\link.write.2u.tlog
c:\users\joshu\documents\shapecontroller\particlecontroller\particlecontroller\x64\debug\particle.0b3f5b7d.tlog\particlecontroller.write.1u.tlog
