  GrabBeads.cpp
C:\Users\joshu\Documents\CppLlibraries\include\BeadDetector\BeadDetector.h(22,27): warning C4251: 'BeadDetector::cornerPoints': class 'std::vector<cv::Point3d,std::allocator<cv::Point3d>>' needs to have dll-interface to be used by clients of class 'BeadDetector'
C:\Users\joshu\Documents\CppLlibraries\include\BeadDetector\BeadDetector.h(22,7): message : see declaration of 'std::vector<cv::Point3d,std::allocator<cv::Point3d>>'
C:\Users\joshu\Documents\CppLlibraries\include\BeadDetector\BeadDetector.h(26,14): warning C4251: 'BeadDetector::_horizontalAxis': class 'cv::Point3_<double>' needs to have dll-interface to be used by clients of class 'BeadDetector'
C:\Users\joshu\Documents\CppLlibraries\include\opencv340\build\include\opencv2\core\types.hpp(271,9): message : see declaration of 'cv::Point3_<double>'
C:\Users\joshu\Documents\CppLlibraries\include\BeadDetector\BeadDetector.h(26,31): warning C4251: 'BeadDetector::_verticalAxis': class 'cv::Point3_<double>' needs to have dll-interface to be used by clients of class 'BeadDetector'
C:\Users\joshu\Documents\CppLlibraries\include\opencv340\build\include\opencv2\core\types.hpp(271,9): message : see declaration of 'cv::Point3_<double>'
C:\Users\joshu\Documents\CppLlibraries\include\BeadDetector\BeadDetector.h(26,46): warning C4251: 'BeadDetector::_imageOrigin': class 'cv::Point3_<double>' needs to have dll-interface to be used by clients of class 'BeadDetector'
C:\Users\joshu\Documents\CppLlibraries\include\opencv340\build\include\opencv2\core\types.hpp(271,9): message : see declaration of 'cv::Point3_<double>'
C:\Users\joshu\Documents\CppLlibraries\include\BeadDetector\BeadDetector.h(29,10): warning C4251: 'BeadDetector::backgroundImage': class 'cv::Mat' needs to have dll-interface to be used by clients of class 'BeadDetector'
C:\Users\joshu\Documents\CppLlibraries\include\opencv340\build\include\opencv2\core\mat.hpp(779,18): message : see declaration of 'cv::Mat'
C:\Users\joshu\Documents\CppLlibraries\include\BeadDetector\BeadDetector.h(31,14): warning C4251: 'BeadDetector::homographyFileName': class 'std::basic_string<char,std::char_traits<char>,std::allocator<char>>' needs to have dll-interface to be used by clients of class 'BeadDetector'
C:\Program Files\Microsoft Visual Studio\2022\Community\VC\Tools\MSVC\14.37.32822\include\xstring(5119,29): message : see declaration of 'std::basic_string<char,std::char_traits<char>,std::allocator<char>>'
C:\Users\joshu\Documents\CppLlibraries\include\BeadDetector\BeadDetector.h(32,10): warning C4251: 'BeadDetector::homography': class 'cv::Mat' needs to have dll-interface to be used by clients of class 'BeadDetector'
C:\Users\joshu\Documents\CppLlibraries\include\opencv340\build\include\opencv2\core\mat.hpp(779,18): message : see declaration of 'cv::Mat'
C:\Users\joshu\Documents\CppLlibraries\include\BeadDetector\BeadDetector.h(37,27): warning C4251: 'BeadDetector::curPoints': class 'std::vector<cv::Point3d,std::allocator<cv::Point3d>>' needs to have dll-interface to be used by clients of class 'BeadDetector'
C:\Users\joshu\Documents\CppLlibraries\include\BeadDetector\BeadDetector.h(22,7): message : see declaration of 'std::vector<cv::Point3d,std::allocator<cv::Point3d>>'
C:\Users\joshu\Documents\CppLlibraries\include\BeadDetector\BeadDetector.h(38,19): warning C4251: 'BeadDetector::cap': class 'cv::VideoCapture' needs to have dll-interface to be used by clients of class 'BeadDetector'
C:\Users\joshu\Documents\CppLlibraries\include\opencv340\build\include\opencv2\videoio.hpp(601,20): message : see declaration of 'cv::VideoCapture'
C:\Users\joshu\Documents\CppLlibraries\include\BeadDetector\BeadDetector.h(50,19): warning C4244: 'initializing': conversion from 'int' to 'float', possible loss of data
C:\Users\joshu\Documents\CppLlibraries\include\BeadDetector\BeadDetector.h(68,38): warning C4244: '=': conversion from 'int' to 'float', possible loss of data
C:\Users\joshu\Documents\CppLlibraries\include\BeadDetector\BeadDetector.h(69,39): warning C4244: '=': conversion from 'int' to 'float', possible loss of data
C:\Users\joshu\Documents\ShapeController\ParticleController\ParticleController\GrabBeads.cpp(15,20): warning C4305: 'initializing': truncation from 'double' to 'float'
C:\Users\joshu\Documents\ShapeController\ParticleController\ParticleController\GrabBeads.cpp(22,30): warning C4305: 'initializing': truncation from 'double' to 'float'
C:\Users\joshu\Documents\ShapeController\ParticleController\ParticleController\GrabBeads.cpp(23,9): warning C4305: 'initializing': truncation from 'double' to 'float'
C:\Users\joshu\Documents\ShapeController\ParticleController\ParticleController\GrabBeads.cpp(23,16): warning C4305: 'initializing': truncation from 'double' to 'float'
C:\Users\joshu\Documents\ShapeController\ParticleController\ParticleController\GrabBeads.cpp(24,8): warning C4305: 'initializing': truncation from 'double' to 'float'
C:\Users\joshu\Documents\ShapeController\ParticleController\ParticleController\GrabBeads.cpp(24,15): warning C4305: 'initializing': truncation from 'double' to 'float'
C:\Users\joshu\Documents\ShapeController\ParticleController\ParticleController\GrabBeads.cpp(32,8): warning C4305: 'initializing': truncation from 'double' to 'float'
C:\Users\joshu\Documents\ShapeController\ParticleController\ParticleController\GrabBeads.cpp(33,6): warning C4305: 'initializing': truncation from 'double' to 'float'
C:\Users\joshu\Documents\ShapeController\ParticleController\ParticleController\GrabBeads.cpp(33,11): warning C4305: 'initializing': truncation from 'double' to 'float'
C:\Users\joshu\Documents\ShapeController\ParticleController\ParticleController\GrabBeads.cpp(34,6): warning C4305: 'initializing': truncation from 'double' to 'float'
C:\Users\joshu\Documents\ShapeController\ParticleController\ParticleController\GrabBeads.cpp(34,11): warning C4305: 'initializing': truncation from 'double' to 'float'
C:\Users\joshu\Documents\ShapeController\ParticleController\ParticleController\GrabBeads.cpp(35,8): warning C4305: 'initializing': truncation from 'double' to 'float'
C:\Users\joshu\Documents\ShapeController\ParticleController\ParticleController\GrabBeads.cpp(36,8): warning C4305: 'initializing': truncation from 'double' to 'float'
C:\Users\joshu\Documents\ShapeController\ParticleController\ParticleController\GrabBeads.cpp(40,5): warning C4305: 'initializing': truncation from 'double' to 'float'
C:\Users\joshu\Documents\ShapeController\ParticleController\ParticleController\GrabBeads.cpp(40,12): warning C4305: 'initializing': truncation from 'double' to 'float'
C:\Users\joshu\Documents\ShapeController\ParticleController\ParticleController\GrabBeads.cpp(41,5): warning C4305: 'initializing': truncation from 'double' to 'float'
C:\Users\joshu\Documents\ShapeController\ParticleController\ParticleController\GrabBeads.cpp(41,10): warning C4305: 'initializing': truncation from 'double' to 'float'
C:\Users\joshu\Documents\ShapeController\ParticleController\ParticleController\GrabBeads.cpp(41,15): warning C4305: 'initializing': truncation from 'double' to 'float'
C:\Users\joshu\Documents\ShapeController\ParticleController\ParticleController\GrabBeads.cpp(42,5): warning C4305: 'initializing': truncation from 'double' to 'float'
C:\Users\joshu\Documents\ShapeController\ParticleController\ParticleController\GrabBeads.cpp(42,10): warning C4305: 'initializing': truncation from 'double' to 'float'
C:\Users\joshu\Documents\ShapeController\ParticleController\ParticleController\GrabBeads.cpp(42,15): warning C4305: 'initializing': truncation from 'double' to 'float'
C:\Users\joshu\Documents\ShapeController\ParticleController\ParticleController\GrabBeads.cpp(43,5): warning C4305: 'initializing': truncation from 'double' to 'float'
C:\Users\joshu\Documents\ShapeController\ParticleController\ParticleController\GrabBeads.cpp(43,12): warning C4305: 'initializing': truncation from 'double' to 'float'
C:\Users\joshu\Documents\ShapeController\ParticleController\ParticleController\GrabBeads.cpp(44,5): warning C4305: 'initializing': truncation from 'double' to 'float'
C:\Users\joshu\Documents\ShapeController\ParticleController\ParticleController\GrabBeads.cpp(44,12): warning C4305: 'initializing': truncation from 'double' to 'float'
C:\Users\joshu\Documents\ShapeController\ParticleController\ParticleController\GrabBeads.cpp(48,4): warning C4305: 'initializing': truncation from 'double' to 'float'
C:\Users\joshu\Documents\ShapeController\ParticleController\ParticleController\GrabBeads.cpp(48,11): warning C4305: 'initializing': truncation from 'double' to 'float'
C:\Users\joshu\Documents\ShapeController\ParticleController\ParticleController\GrabBeads.cpp(49,4): warning C4305: 'initializing': truncation from 'double' to 'float'
C:\Users\joshu\Documents\ShapeController\ParticleController\ParticleController\GrabBeads.cpp(49,9): warning C4305: 'initializing': truncation from 'double' to 'float'
C:\Users\joshu\Documents\ShapeController\ParticleController\ParticleController\GrabBeads.cpp(49,14): warning C4305: 'initializing': truncation from 'double' to 'float'
C:\Users\joshu\Documents\ShapeController\ParticleController\ParticleController\GrabBeads.cpp(50,4): warning C4305: 'initializing': truncation from 'double' to 'float'
C:\Users\joshu\Documents\ShapeController\ParticleController\ParticleController\GrabBeads.cpp(50,9): warning C4305: 'initializing': truncation from 'double' to 'float'
C:\Users\joshu\Documents\ShapeController\ParticleController\ParticleController\GrabBeads.cpp(50,14): warning C4305: 'initializing': truncation from 'double' to 'float'
C:\Users\joshu\Documents\ShapeController\ParticleController\ParticleController\GrabBeads.cpp(51,4): warning C4305: 'initializing': truncation from 'double' to 'float'
C:\Users\joshu\Documents\ShapeController\ParticleController\ParticleController\GrabBeads.cpp(51,11): warning C4305: 'initializing': truncation from 'double' to 'float'
C:\Users\joshu\Documents\ShapeController\ParticleController\ParticleController\GrabBeads.cpp(52,4): warning C4305: 'initializing': truncation from 'double' to 'float'
C:\Users\joshu\Documents\ShapeController\ParticleController\ParticleController\GrabBeads.cpp(52,11): warning C4305: 'initializing': truncation from 'double' to 'float'
     Creating library C:\Users\joshu\Documents\ShapeController\ParticleController\x64\Debug\ParticleController.lib and object C:\Users\joshu\Documents\ShapeController\ParticleController\x64\Debug\ParticleController.exp
  ParticleController.vcxproj -> C:\Users\joshu\Documents\ShapeController\ParticleController\x64\Debug\ParticleController.exe
